<?xml version="1.0" encoding="UTF-8"?>
<!-- Generated by org.testng.reporters.JUnitXMLReporter -->
<testsuite hostname="Baymax" name="ParenthesesCheck_byBook_1_3_4" tests="8" failures="0" timestamp="9 Sep 2016 15:31:39 GMT" time="0.069" errors="0">
  <testcase name="testParenthesesCheck" time="0.009" classname="StackAndQueue1_3.Exercises.ParenthesesCheck_byBook_1_3_4"/>
  <testcase name="testParenthesesCheck" time="0.002" classname="StackAndQueue1_3.Exercises.ParenthesesCheck_byBook_1_3_4"/>
  <testcase name="testParenthesesCheck" time="0.002" classname="StackAndQueue1_3.Exercises.ParenthesesCheck_byMyWay_1_3_4"/>
  <testcase name="testParenthesesCheck" time="0.001" classname="StackAndQueue1_3.Exercises.ParenthesesCheck_byMyWay_1_3_4"/>
  <testcase name="testParenthesesCheck" time="0.002" classname="StackAndQueue1_3.Exercises.ParenthesesCheck_byMyWay_1_3_4"/>
  <testcase name="testParenthesesCheck" time="0.002" classname="StackAndQueue1_3.Exercises.ParenthesesCheck_byMyWay_1_3_4"/>
  <testcase name="testJosephus" time="0.002" classname="StackAndQueue1_3.Exercises.Josephus_ByBook_1_3_37"/>
  <testcase name="testJosephus" time="0.002" classname="StackAndQueue1_3.Exercises.Josephus_ByMyWay_1_3_37"/>
</testsuite> <!-- ParenthesesCheck_byBook_1_3_4 -->
